C:\Users\Joshua\Desktop\Puzzle Studio Source\.\Release\lesson5.exe
C:\Users\Joshua\Desktop\Puzzle Studio Source\.\Release\lesson5.exe.intermediate.manifest
C:\Users\Joshua\Desktop\Puzzle Studio Source\Release\cl.command.1.tlog
C:\Users\Joshua\Desktop\Puzzle Studio Source\Release\CL.read.1.tlog
C:\Users\Joshua\Desktop\Puzzle Studio Source\Release\CL.write.1.tlog
C:\USERS\JOSHUA\DESKTOP\PUZZLE STUDIO SOURCE\RELEASE\FIX.OBJ
C:\USERS\JOSHUA\DESKTOP\PUZZLE STUDIO SOURCE\RELEASE\GLINTERFACE.OBJ
C:\USERS\JOSHUA\DESKTOP\PUZZLE STUDIO SOURCE\RELEASE\LESSON5.EXE
C:\USERS\JOSHUA\DESKTOP\PUZZLE STUDIO SOURCE\RELEASE\LESSON5.EXE.INTERMEDIATE.MANIFEST
C:\USERS\JOSHUA\DESKTOP\PUZZLE STUDIO SOURCE\RELEASE\LESSON5.OBJ
C:\Users\Joshua\Desktop\Puzzle Studio Source\Release\lesson5.pch
C:\USERS\JOSHUA\DESKTOP\PUZZLE STUDIO SOURCE\RELEASE\LESSON5.RES
C:\Users\Joshua\Desktop\Puzzle Studio Source\Release\link.command.1.tlog
C:\Users\Joshua\Desktop\Puzzle Studio Source\Release\link.read.1.tlog
C:\Users\Joshua\Desktop\Puzzle Studio Source\Release\link.write.1.tlog
C:\Users\Joshua\Desktop\Puzzle Studio Source\Release\link-cvtres.read.1.tlog
C:\Users\Joshua\Desktop\Puzzle Studio Source\Release\link-cvtres.write.1.tlog
C:\USERS\JOSHUA\DESKTOP\PUZZLE STUDIO SOURCE\RELEASE\MIDSOUND.OBJ
C:\Users\Joshua\Desktop\Puzzle Studio Source\Release\mt.command.1.tlog
C:\Users\Joshua\Desktop\Puzzle Studio Source\Release\mt.read.1.tlog
C:\Users\Joshua\Desktop\Puzzle Studio Source\Release\mt.write.1.tlog
C:\Users\Joshua\Desktop\Puzzle Studio Source\Release\rc.command.1.tlog
C:\Users\Joshua\Desktop\Puzzle Studio Source\Release\rc.read.1.tlog
C:\Users\Joshua\Desktop\Puzzle Studio Source\Release\rc.write.1.tlog
C:\USERS\JOSHUA\DESKTOP\PUZZLE STUDIO SOURCE\RELEASE\VC100.PDB
C:\Users\Joshua\Desktop\Puzzle Studio Source\Release\vc70.idb
C:\Users\Joshua\Desktop\Puzzle Studio Source\Release\vc90.idb
